Sender: LSF System <lsfadmin@t026.triton>
Subject: Job 569395: <QA> in cluster <triton> Done

Job <QA> was submitted from host <login1> by user <rxs1576> in cluster <triton> at Thu Jul 22 13:08:25 2021
Job was executed on host(s) <1*t026>, in queue <normal>, as user <rxs1576> in cluster <triton> at Thu Jul 22 13:08:26 2021
                            <1*t064>
</home/rxs1576> was used as the home directory.
</home/rxs1576/Final_QA_FDA/QA_application/training/Non_Distributed> was used as the working directory.
Started at Thu Jul 22 13:08:26 2021
Terminated at Thu Jul 22 21:10:56 2021
Results reported at Thu Jul 22 21:10:56 2021

Your job looked like:

------------------------------------------------------------
# LSBATCH: User input
#BSUB -J "QA"
#BSUB -o "./output_files/QA_%J.out"
#BSUB -e "./error_files/QA_%J.err"
#BSUB -n 2
#BSUB -R "span[ptile=1]"
#BSUB -gpu "num=2"
#BSUB -q "normal"

source /share/apps/ibm_wml_ce/1.6.2/anaconda3/etc/profile.d/conda.sh
conda activate optho
cd /home/rxs1576/Final_QA_FDA/
python ./QA_application/training/Non_Distributed/scripts/train_first_copy.py --data_dir=${Home}/temp 

------------------------------------------------------------

Successfully completed.

Resource usage summary:

    CPU time :                                   58087.00 sec.
    Max Memory :                                 3200 MB
    Average Memory :                             3190.51 MB
    Total Requested Memory :                     -
    Delta Memory :                               -
    Max Swap :                                   -
    Max Processes :                              6
    Max Threads :                                44
    Run time :                                   28949 sec.
    Turnaround time :                            28951 sec.

The output (if any) follows:

Loaded pretrained weights for efficientnet-b7
Epoch: 1 	Training Loss: 1.029602 	Validation Loss: 0.880315 	 Validation Accuracy: 63.874346 	 
Validation loss decreased (inf --> 0.880315).  Saving model ...
Epoch: 2 	Training Loss: 0.934104 	Validation Loss: 0.787624 	 Validation Accuracy: 64.659686 	 
Validation loss decreased (0.880315 --> 0.787624).  Saving model ...
Epoch: 3 	Training Loss: 0.887295 	Validation Loss: 0.742728 	 Validation Accuracy: 65.314136 	 
Validation loss decreased (0.787624 --> 0.742728).  Saving model ...
Epoch: 4 	Training Loss: 0.857199 	Validation Loss: 0.696001 	 Validation Accuracy: 65.706806 	 
Validation loss decreased (0.742728 --> 0.696001).  Saving model ...
Epoch: 5 	Training Loss: 0.831298 	Validation Loss: 0.670363 	 Validation Accuracy: 66.230366 	 
Validation loss decreased (0.696001 --> 0.670363).  Saving model ...
Epoch: 6 	Training Loss: 0.822791 	Validation Loss: 0.650209 	 Validation Accuracy: 66.884817 	 
Validation loss decreased (0.670363 --> 0.650209).  Saving model ...
Epoch: 7 	Training Loss: 0.806429 	Validation Loss: 0.643291 	 Validation Accuracy: 67.015707 	 
Validation loss decreased (0.650209 --> 0.643291).  Saving model ...
Epoch: 8 	Training Loss: 0.795328 	Validation Loss: 0.632393 	 Validation Accuracy: 67.146597 	 
Validation loss decreased (0.643291 --> 0.632393).  Saving model ...
Epoch: 9 	Training Loss: 0.791188 	Validation Loss: 0.638217 	 Validation Accuracy: 67.408377 	 
Epoch: 10 	Training Loss: 0.774049 	Validation Loss: 0.617140 	 Validation Accuracy: 68.324607 	 
Validation loss decreased (0.632393 --> 0.617140).  Saving model ...
Epoch: 11 	Training Loss: 0.777914 	Validation Loss: 0.624898 	 Validation Accuracy: 68.717277 	 
Epoch: 12 	Training Loss: 0.767182 	Validation Loss: 0.613326 	 Validation Accuracy: 68.717277 	 
Validation loss decreased (0.617140 --> 0.613326).  Saving model ...
Epoch: 13 	Training Loss: 0.765943 	Validation Loss: 0.623132 	 Validation Accuracy: 68.324607 	 
Epoch: 14 	Training Loss: 0.749503 	Validation Loss: 0.607720 	 Validation Accuracy: 69.240838 	 
Validation loss decreased (0.613326 --> 0.607720).  Saving model ...
Epoch: 15 	Training Loss: 0.749398 	Validation Loss: 0.610637 	 Validation Accuracy: 69.895288 	 
Epoch: 16 	Training Loss: 0.756053 	Validation Loss: 0.603067 	 Validation Accuracy: 70.026178 	 
Validation loss decreased (0.607720 --> 0.603067).  Saving model ...
Epoch: 17 	Training Loss: 0.747822 	Validation Loss: 0.607069 	 Validation Accuracy: 69.633508 	 
Epoch: 18 	Training Loss: 0.742899 	Validation Loss: 0.616284 	 Validation Accuracy: 69.633508 	 
Epoch: 19 	Training Loss: 0.740358 	Validation Loss: 0.627311 	 Validation Accuracy: 71.204188 	 
Epoch: 20 	Training Loss: 0.743242 	Validation Loss: 0.607429 	 Validation Accuracy: 70.680628 	 
Epoch: 21 	Training Loss: 0.748641 	Validation Loss: 0.621321 	 Validation Accuracy: 70.811518 	 
Epoch: 22 	Training Loss: 0.736124 	Validation Loss: 0.611958 	 Validation Accuracy: 69.895288 	 
Epoch: 23 	Training Loss: 0.733809 	Validation Loss: 0.622209 	 Validation Accuracy: 71.596859 	 
Epoch: 24 	Training Loss: 0.740799 	Validation Loss: 0.619093 	 Validation Accuracy: 70.680628 	 
Epoch: 25 	Training Loss: 0.728059 	Validation Loss: 0.615400 	 Validation Accuracy: 70.680628 	 
Epoch: 26 	Training Loss: 0.732254 	Validation Loss: 0.599767 	 Validation Accuracy: 71.727749 	 
Validation loss decreased (0.603067 --> 0.599767).  Saving model ...
Epoch: 27 	Training Loss: 0.732795 	Validation Loss: 0.598322 	 Validation Accuracy: 70.549738 	 
Validation loss decreased (0.599767 --> 0.598322).  Saving model ...
Epoch: 28 	Training Loss: 0.720362 	Validation Loss: 0.586146 	 Validation Accuracy: 70.549738 	 
Validation loss decreased (0.598322 --> 0.586146).  Saving model ...
Epoch: 29 	Training Loss: 0.727328 	Validation Loss: 0.586596 	 Validation Accuracy: 71.596859 	 
Epoch: 30 	Training Loss: 0.723243 	Validation Loss: 0.618836 	 Validation Accuracy: 70.942408 	 
Epoch: 31 	Training Loss: 0.717706 	Validation Loss: 0.601744 	 Validation Accuracy: 71.204188 	 
Epoch: 32 	Training Loss: 0.715687 	Validation Loss: 0.608477 	 Validation Accuracy: 71.858639 	 
Epoch: 33 	Training Loss: 0.715251 	Validation Loss: 0.615780 	 Validation Accuracy: 71.727749 	 
Epoch: 34 	Training Loss: 0.710260 	Validation Loss: 0.593259 	 Validation Accuracy: 72.513089 	 
Epoch: 35 	Training Loss: 0.711387 	Validation Loss: 0.609652 	 Validation Accuracy: 71.335079 	 
Epoch: 36 	Training Loss: 0.714617 	Validation Loss: 0.631056 	 Validation Accuracy: 71.204188 	 
Epoch: 37 	Training Loss: 0.713160 	Validation Loss: 0.608925 	 Validation Accuracy: 71.465969 	 
Epoch: 38 	Training Loss: 0.705861 	Validation Loss: 0.609278 	 Validation Accuracy: 71.989529 	 
Epoch: 39 	Training Loss: 0.711145 	Validation Loss: 0.601411 	 Validation Accuracy: 71.335079 	 
Epoch: 40 	Training Loss: 0.700415 	Validation Loss: 0.609847 	 Validation Accuracy: 71.858639 	 
Epoch: 41 	Training Loss: 0.716995 	Validation Loss: 0.603753 	 Validation Accuracy: 71.858639 	 
Epoch: 42 	Training Loss: 0.707451 	Validation Loss: 0.598223 	 Validation Accuracy: 72.513089 	 
Epoch: 43 	Training Loss: 0.699496 	Validation Loss: 0.621798 	 Validation Accuracy: 71.858639 	 
Epoch: 44 	Training Loss: 0.709418 	Validation Loss: 0.616738 	 Validation Accuracy: 72.251309 	 
Epoch: 45 	Training Loss: 0.703961 	Validation Loss: 0.591416 	 Validation Accuracy: 72.120419 	 
Epoch: 46 	Training Loss: 0.710018 	Validation Loss: 0.597453 	 Validation Accuracy: 72.774869 	 
Epoch: 47 	Training Loss: 0.709500 	Validation Loss: 0.598619 	 Validation Accuracy: 73.167539 	 
Epoch: 48 	Training Loss: 0.699998 	Validation Loss: 0.595135 	 Validation Accuracy: 72.643979 	 
Epoch    47: reducing learning rate of group 0 to 3.0000e-05.
Epoch: 49 	Training Loss: 0.702394 	Validation Loss: 0.597634 	 Validation Accuracy: 72.513089 	 
Epoch: 50 	Training Loss: 0.695603 	Validation Loss: 0.583994 	 Validation Accuracy: 72.905759 	 
Validation loss decreased (0.586146 --> 0.583994).  Saving model ...
Epoch: 51 	Training Loss: 0.693773 	Validation Loss: 0.605270 	 Validation Accuracy: 72.251309 	 
Epoch: 52 	Training Loss: 0.698699 	Validation Loss: 0.595593 	 Validation Accuracy: 72.251309 	 
Epoch: 53 	Training Loss: 0.704285 	Validation Loss: 0.603581 	 Validation Accuracy: 72.774869 	 
Epoch: 54 	Training Loss: 0.694466 	Validation Loss: 0.598159 	 Validation Accuracy: 73.036649 	 
Epoch: 55 	Training Loss: 0.698335 	Validation Loss: 0.613757 	 Validation Accuracy: 71.727749 	 
Epoch: 56 	Training Loss: 0.701593 	Validation Loss: 0.603607 	 Validation Accuracy: 73.036649 	 
Epoch    55: reducing learning rate of group 0 to 3.0000e-06.
Epoch: 57 	Training Loss: 0.701299 	Validation Loss: 0.594232 	 Validation Accuracy: 72.251309 	 
Epoch: 58 	Training Loss: 0.696093 	Validation Loss: 0.598732 	 Validation Accuracy: 73.691099 	 
Epoch: 59 	Training Loss: 0.707851 	Validation Loss: 0.614918 	 Validation Accuracy: 71.989529 	 
Epoch: 60 	Training Loss: 0.691913 	Validation Loss: 0.607394 	 Validation Accuracy: 72.382199 	 



PS:

Read file <./error_files/QA_569395.err> for stderr output of this job.

