Sender: LSF System <hpc@ccs.miami.edu>
Subject: Job 549981: <QA> in cluster <triton> Done

Job <QA> was submitted from host <login1> by user <rxs1576> in cluster <triton> at Wed Jul  7 17:41:39 2021
Job was executed on host(s) <1*t087>, in queue <normal>, as user <rxs1576> in cluster <triton> at Wed Jul  7 17:41:40 2021
                            <1*t071>
</home/rxs1576> was used as the home directory.
</home/rxs1576/Final_QA_FDA/QA_application/training/Non_Distributed> was used as the working directory.
Started at Wed Jul  7 17:41:40 2021
Terminated at Wed Jul  7 17:57:39 2021
Results reported at Wed Jul  7 17:57:39 2021

Your job looked like:

------------------------------------------------------------
# LSBATCH: User input
#BSUB -J "QA"
#BSUB -o "./output_files/QA_%J.out"
#BSUB -e "./error_files/QA_%J.err"
#BSUB -n 2
#BSUB -R "span[ptile=1]"
#BSUB -gpu "num=2"
#BSUB -q "normal"

source /share/apps/ibm_wml_ce/1.6.2/anaconda3/etc/profile.d/conda.sh
conda activate optho
cd /home/rxs1576/Final_QA_FDA/
python ./QA_application/training/Non_Distributed/scripts/train_first_copy.py --data_dir=${Home}/temp 

------------------------------------------------------------

Successfully completed.

Resource usage summary:

    CPU time :                                   1951.39 sec.
    Max Memory :                                 3098 MB
    Average Memory :                             3045.71 MB
    Total Requested Memory :                     -
    Delta Memory :                               -
    Max Swap :                                   -
    Max Processes :                              6
    Max Threads :                                41
    Run time :                                   957 sec.
    Turnaround time :                            960 sec.

The output (if any) follows:

Loaded pretrained weights for efficientnet-b0
Epoch: 1 	Training Loss: 1.082151 	Validation Loss: 0.913934 	 Validation Accuracy: 55.235602 	 
Validation loss decreased (inf --> 0.913934).  Saving model ...
Epoch: 2 	Training Loss: 0.917340 	Validation Loss: 0.803278 	 Validation Accuracy: 58.246073 	 
Validation loss decreased (0.913934 --> 0.803278).  Saving model ...
Epoch: 3 	Training Loss: 0.856123 	Validation Loss: 0.726619 	 Validation Accuracy: 60.732984 	 
Validation loss decreased (0.803278 --> 0.726619).  Saving model ...
Epoch: 4 	Training Loss: 0.826320 	Validation Loss: 0.686213 	 Validation Accuracy: 61.910995 	 
Validation loss decreased (0.726619 --> 0.686213).  Saving model ...
Epoch: 5 	Training Loss: 0.800856 	Validation Loss: 0.670098 	 Validation Accuracy: 63.874346 	 
Validation loss decreased (0.686213 --> 0.670098).  Saving model ...


PS:

Read file <./error_files/QA_549981.err> for stderr output of this job.

