Sender: LSF System <hpc@ccs.miami.edu>
Subject: Job 571042: <QA> in cluster <triton> Done

Job <QA> was submitted from host <login1> by user <rxs1576> in cluster <triton> at Wed Jul 28 14:49:36 2021
Job was executed on host(s) <1*t087>, in queue <normal>, as user <rxs1576> in cluster <triton> at Wed Jul 28 14:49:38 2021
                            <1*t088>
</home/rxs1576> was used as the home directory.
</home/rxs1576/Final_QA_FDA/QA_application/training/Non_Distributed> was used as the working directory.
Started at Wed Jul 28 14:49:38 2021
Terminated at Wed Jul 28 23:00:58 2021
Results reported at Wed Jul 28 23:00:58 2021

Your job looked like:

------------------------------------------------------------
# LSBATCH: User input
#BSUB -J "QA"
#BSUB -o "./output_files/QA_%J.out"
#BSUB -e "./error_files/QA_%J.err"
#BSUB -n 2
#BSUB -R "span[ptile=1]"
#BSUB -gpu "num=2"
#BSUB -q "normal"

source /share/apps/ibm_wml_ce/1.6.2/anaconda3/etc/profile.d/conda.sh
conda activate optho
cd /home/rxs1576/Final_QA_FDA/
python ./QA_application/training/Non_Distributed/scripts/train_first_copy.py --data_dir=${Home}/temp 

------------------------------------------------------------

Successfully completed.

Resource usage summary:

    CPU time :                                   63496.00 sec.
    Max Memory :                                 3231 MB
    Average Memory :                             3225.31 MB
    Total Requested Memory :                     -
    Delta Memory :                               -
    Max Swap :                                   -
    Max Processes :                              6
    Max Threads :                                44
    Run time :                                   29479 sec.
    Turnaround time :                            29482 sec.

The output (if any) follows:

Loaded pretrained weights for efficientnet-b7
Epoch: 1 	Training Loss: 2.566866 	Validation Loss: 1.763864 	 Validation Accuracy: 61.649215 	 
Validation loss decreased (inf --> 1.763864).  Saving model ...
Epoch: 2 	Training Loss: 2.025818 	Validation Loss: 1.176467 	 Validation Accuracy: 67.277487 	 
Validation loss decreased (1.763864 --> 1.176467).  Saving model ...
Epoch: 3 	Training Loss: 1.708643 	Validation Loss: 1.015762 	 Validation Accuracy: 66.753927 	 
Validation loss decreased (1.176467 --> 1.015762).  Saving model ...
Epoch: 4 	Training Loss: 1.536556 	Validation Loss: 0.844832 	 Validation Accuracy: 69.371728 	 
Validation loss decreased (1.015762 --> 0.844832).  Saving model ...
Epoch: 5 	Training Loss: 1.383175 	Validation Loss: 0.813294 	 Validation Accuracy: 70.811518 	 
Validation loss decreased (0.844832 --> 0.813294).  Saving model ...
Epoch: 6 	Training Loss: 1.347398 	Validation Loss: 2.669573 	 Validation Accuracy: 58.115183 	 
Epoch: 7 	Training Loss: 1.291466 	Validation Loss: 1.574653 	 Validation Accuracy: 60.471204 	 
Epoch: 8 	Training Loss: 1.213486 	Validation Loss: 0.678233 	 Validation Accuracy: 71.989529 	 
Validation loss decreased (0.813294 --> 0.678233).  Saving model ...
Epoch: 9 	Training Loss: 1.172845 	Validation Loss: 0.739096 	 Validation Accuracy: 67.801047 	 
Epoch: 10 	Training Loss: 1.123607 	Validation Loss: 0.724076 	 Validation Accuracy: 70.680628 	 
Epoch: 11 	Training Loss: 1.083112 	Validation Loss: 0.696598 	 Validation Accuracy: 68.062827 	 
Epoch: 12 	Training Loss: 1.089153 	Validation Loss: 1.153248 	 Validation Accuracy: 69.502618 	 
Epoch: 13 	Training Loss: 1.038684 	Validation Loss: 0.811595 	 Validation Accuracy: 70.680628 	 
Epoch    12: reducing learning rate of group 0 to 3.0000e-02.
Epoch: 14 	Training Loss: 0.774101 	Validation Loss: 0.611250 	 Validation Accuracy: 72.513089 	 
Validation loss decreased (0.678233 --> 0.611250).  Saving model ...
Epoch: 15 	Training Loss: 0.717449 	Validation Loss: 0.576067 	 Validation Accuracy: 72.120419 	 
Validation loss decreased (0.611250 --> 0.576067).  Saving model ...
Epoch: 16 	Training Loss: 0.672987 	Validation Loss: 0.623320 	 Validation Accuracy: 72.382199 	 
Epoch: 17 	Training Loss: 0.640923 	Validation Loss: 0.581546 	 Validation Accuracy: 71.858639 	 
Epoch: 18 	Training Loss: 0.633778 	Validation Loss: 0.627517 	 Validation Accuracy: 72.251309 	 
Epoch: 19 	Training Loss: 0.620336 	Validation Loss: 0.507696 	 Validation Accuracy: 75.130890 	 
Validation loss decreased (0.576067 --> 0.507696).  Saving model ...
Epoch: 20 	Training Loss: 0.604809 	Validation Loss: 0.529395 	 Validation Accuracy: 75.785340 	 
Epoch: 21 	Training Loss: 0.605912 	Validation Loss: 0.530785 	 Validation Accuracy: 73.821990 	 
Epoch: 22 	Training Loss: 0.594056 	Validation Loss: 0.495917 	 Validation Accuracy: 75.392670 	 
Validation loss decreased (0.507696 --> 0.495917).  Saving model ...
Epoch: 23 	Training Loss: 0.584551 	Validation Loss: 0.410596 	 Validation Accuracy: 76.570681 	 
Validation loss decreased (0.495917 --> 0.410596).  Saving model ...
Epoch: 24 	Training Loss: 0.583072 	Validation Loss: 0.494246 	 Validation Accuracy: 75.916230 	 
Epoch: 25 	Training Loss: 0.564577 	Validation Loss: 0.531822 	 Validation Accuracy: 73.821990 	 
Epoch: 26 	Training Loss: 0.560390 	Validation Loss: 0.551886 	 Validation Accuracy: 72.905759 	 
Epoch: 27 	Training Loss: 0.567062 	Validation Loss: 0.463663 	 Validation Accuracy: 75.000000 	 
Epoch: 28 	Training Loss: 0.550023 	Validation Loss: 0.481433 	 Validation Accuracy: 75.916230 	 
Epoch    27: reducing learning rate of group 0 to 3.0000e-03.
Epoch: 29 	Training Loss: 0.544076 	Validation Loss: 0.488428 	 Validation Accuracy: 73.821990 	 
Epoch: 30 	Training Loss: 0.546594 	Validation Loss: 0.492370 	 Validation Accuracy: 75.261780 	 
Epoch: 31 	Training Loss: 0.541174 	Validation Loss: 0.516551 	 Validation Accuracy: 74.869110 	 
Epoch: 32 	Training Loss: 0.539782 	Validation Loss: 0.488879 	 Validation Accuracy: 73.560209 	 
Epoch: 33 	Training Loss: 0.543945 	Validation Loss: 0.515219 	 Validation Accuracy: 75.392670 	 
Epoch    32: reducing learning rate of group 0 to 3.0000e-04.
Epoch: 34 	Training Loss: 0.538863 	Validation Loss: 0.482383 	 Validation Accuracy: 74.345550 	 
Epoch: 35 	Training Loss: 0.534526 	Validation Loss: 0.485188 	 Validation Accuracy: 75.000000 	 
Epoch: 36 	Training Loss: 0.537012 	Validation Loss: 0.514839 	 Validation Accuracy: 75.392670 	 
Epoch: 37 	Training Loss: 0.539748 	Validation Loss: 0.473006 	 Validation Accuracy: 76.178010 	 
Epoch: 38 	Training Loss: 0.528890 	Validation Loss: 0.484157 	 Validation Accuracy: 74.476440 	 
Epoch    37: reducing learning rate of group 0 to 3.0000e-05.
Epoch: 39 	Training Loss: 0.530763 	Validation Loss: 0.522840 	 Validation Accuracy: 74.738220 	 
Epoch: 40 	Training Loss: 0.536531 	Validation Loss: 0.491691 	 Validation Accuracy: 74.083770 	 
Epoch: 41 	Training Loss: 0.549744 	Validation Loss: 0.481861 	 Validation Accuracy: 76.832461 	 
Epoch: 42 	Training Loss: 0.534345 	Validation Loss: 0.516234 	 Validation Accuracy: 75.130890 	 
Epoch: 43 	Training Loss: 0.541182 	Validation Loss: 0.525573 	 Validation Accuracy: 72.513089 	 
Epoch    42: reducing learning rate of group 0 to 3.0000e-06.
Epoch: 44 	Training Loss: 0.538785 	Validation Loss: 0.508157 	 Validation Accuracy: 75.523560 	 
Epoch: 45 	Training Loss: 0.547254 	Validation Loss: 0.508343 	 Validation Accuracy: 76.701571 	 
Epoch: 46 	Training Loss: 0.544597 	Validation Loss: 0.479713 	 Validation Accuracy: 75.392670 	 
Epoch: 47 	Training Loss: 0.543279 	Validation Loss: 0.494248 	 Validation Accuracy: 74.869110 	 
Epoch: 48 	Training Loss: 0.534765 	Validation Loss: 0.469634 	 Validation Accuracy: 76.047120 	 
Epoch    47: reducing learning rate of group 0 to 3.0000e-07.
Epoch: 49 	Training Loss: 0.543412 	Validation Loss: 0.502770 	 Validation Accuracy: 75.130890 	 
Epoch: 50 	Training Loss: 0.537603 	Validation Loss: 0.483870 	 Validation Accuracy: 76.308901 	 
Epoch: 51 	Training Loss: 0.539255 	Validation Loss: 0.484341 	 Validation Accuracy: 75.654450 	 
Epoch: 52 	Training Loss: 0.536286 	Validation Loss: 0.517069 	 Validation Accuracy: 75.261780 	 
Epoch: 53 	Training Loss: 0.533857 	Validation Loss: 0.512574 	 Validation Accuracy: 74.083770 	 
Epoch    52: reducing learning rate of group 0 to 3.0000e-08.
Epoch: 54 	Training Loss: 0.536836 	Validation Loss: 0.495919 	 Validation Accuracy: 74.345550 	 
Epoch: 55 	Training Loss: 0.536129 	Validation Loss: 0.521406 	 Validation Accuracy: 74.345550 	 
Epoch: 56 	Training Loss: 0.538416 	Validation Loss: 0.480577 	 Validation Accuracy: 75.523560 	 
Epoch: 57 	Training Loss: 0.542713 	Validation Loss: 0.506248 	 Validation Accuracy: 76.832461 	 
Epoch: 58 	Training Loss: 0.545630 	Validation Loss: 0.505434 	 Validation Accuracy: 73.298429 	 
Epoch    57: reducing learning rate of group 0 to 3.0000e-09.
Epoch: 59 	Training Loss: 0.541358 	Validation Loss: 0.502654 	 Validation Accuracy: 76.178010 	 
Epoch: 60 	Training Loss: 0.548345 	Validation Loss: 0.518729 	 Validation Accuracy: 75.916230 	 



PS:

Read file <./error_files/QA_571042.err> for stderr output of this job.

