Sender: LSF System <lsfadmin@t038.triton>
Subject: Job 569437: <QA> in cluster <triton> Exited

Job <QA> was submitted from host <login1> by user <rxs1576> in cluster <triton> at Fri Jul 23 15:00:36 2021
Job was executed on host(s) <1*t038>, in queue <normal>, as user <rxs1576> in cluster <triton> at Fri Jul 23 15:00:36 2021
                            <1*t042>
</home/rxs1576> was used as the home directory.
</home/rxs1576/Final_QA_FDA/QA_application/training/Non_Distributed> was used as the working directory.
Started at Fri Jul 23 15:00:36 2021
Terminated at Fri Jul 23 17:44:13 2021
Results reported at Fri Jul 23 17:44:13 2021

Your job looked like:

------------------------------------------------------------
# LSBATCH: User input
#BSUB -J "QA"
#BSUB -o "./output_files/QA_%J.out"
#BSUB -e "./error_files/QA_%J.err"
#BSUB -n 2
#BSUB -R "span[ptile=1]"
#BSUB -gpu "num=2"
#BSUB -q "normal"

source /share/apps/ibm_wml_ce/1.6.2/anaconda3/etc/profile.d/conda.sh
conda activate optho
cd /home/rxs1576/Final_QA_FDA/
python ./QA_application/training/Non_Distributed/scripts/train_first_copy.py --data_dir=${Home}/temp 

------------------------------------------------------------

TERM_OWNER: job killed by owner.
Exited with exit code 1.

Resource usage summary:

    CPU time :                                   18558.00 sec.
    Max Memory :                                 3259 MB
    Average Memory :                             3238.31 MB
    Total Requested Memory :                     -
    Delta Memory :                               -
    Max Swap :                                   -
    Max Processes :                              6
    Max Threads :                                44
    Run time :                                   9817 sec.
    Turnaround time :                            9817 sec.

The output (if any) follows:

Loaded pretrained weights for efficientnet-b7
Epoch: 1 	Training Loss: 2.566725 	Validation Loss: 2.135127 	 Validation Accuracy: 64.528796 	 
Validation loss decreased (inf --> 2.135127).  Saving model ...
Epoch: 2 	Training Loss: 1.951280 	Validation Loss: 1.249745 	 Validation Accuracy: 66.623037 	 
Validation loss decreased (2.135127 --> 1.249745).  Saving model ...
Epoch: 3 	Training Loss: 1.687651 	Validation Loss: 1.325628 	 Validation Accuracy: 63.874346 	 
Epoch: 4 	Training Loss: 1.395157 	Validation Loss: 1.322881 	 Validation Accuracy: 68.848168 	 
Epoch: 5 	Training Loss: 1.345587 	Validation Loss: 1.164341 	 Validation Accuracy: 68.979058 	 
Validation loss decreased (1.249745 --> 1.164341).  Saving model ...
Epoch: 6 	Training Loss: 1.254680 	Validation Loss: 1.030097 	 Validation Accuracy: 67.801047 	 
Validation loss decreased (1.164341 --> 1.030097).  Saving model ...
Epoch: 7 	Training Loss: 1.230340 	Validation Loss: 0.801097 	 Validation Accuracy: 67.015707 	 
Validation loss decreased (1.030097 --> 0.801097).  Saving model ...
Epoch: 8 	Training Loss: 1.166696 	Validation Loss: 1.085069 	 Validation Accuracy: 68.979058 	 
Epoch: 9 	Training Loss: 1.110366 	Validation Loss: 0.608286 	 Validation Accuracy: 71.989529 	 
Validation loss decreased (0.801097 --> 0.608286).  Saving model ...
Epoch: 10 	Training Loss: 1.086063 	Validation Loss: 1.133638 	 Validation Accuracy: 67.408377 	 
Epoch: 11 	Training Loss: 1.058090 	Validation Loss: 0.822437 	 Validation Accuracy: 70.418848 	 
Epoch: 12 	Training Loss: 1.017876 	Validation Loss: 1.283884 	 Validation Accuracy: 67.539267 	 
Epoch: 13 	Training Loss: 0.970047 	Validation Loss: 0.694408 	 Validation Accuracy: 69.371728 	 
Epoch: 14 	Training Loss: 0.943486 	Validation Loss: 1.259316 	 Validation Accuracy: 63.219895 	 
Epoch: 15 	Training Loss: 0.918011 	Validation Loss: 0.708865 	 Validation Accuracy: 70.942408 	 
Epoch: 16 	Training Loss: 0.911038 	Validation Loss: 0.894731 	 Validation Accuracy: 71.989529 	 
Epoch: 17 	Training Loss: 0.916267 	Validation Loss: 0.776076 	 Validation Accuracy: 67.539267 	 
Epoch: 18 	Training Loss: 0.919282 	Validation Loss: 1.340607 	 Validation Accuracy: 65.314136 	 
Epoch: 19 	Training Loss: 0.869846 	Validation Loss: 1.031197 	 Validation Accuracy: 67.408377 	 



PS:

Read file <./error_files/QA_569437.err> for stderr output of this job.

