Sender: LSF System <lsfadmin@t034.triton>
Subject: Job 563388: <QA> in cluster <triton> Done

Job <QA> was submitted from host <login1> by user <rxs1576> in cluster <triton> at Mon Jul 12 23:36:10 2021
Job was executed on host(s) <1*t034>, in queue <normal>, as user <rxs1576> in cluster <triton> at Mon Jul 12 23:36:10 2021
                            <1*t082>
</home/rxs1576> was used as the home directory.
</home/rxs1576/Final_QA_FDA/QA_application/training/Non_Distributed> was used as the working directory.
Started at Mon Jul 12 23:36:10 2021
Terminated at Tue Jul 13 03:39:41 2021
Results reported at Tue Jul 13 03:39:41 2021

Your job looked like:

------------------------------------------------------------
# LSBATCH: User input
#BSUB -J "QA"
#BSUB -o "./output_files/QA_%J.out"
#BSUB -e "./error_files/QA_%J.err"
#BSUB -n 2
#BSUB -R "span[ptile=1]"
#BSUB -gpu "num=2"
#BSUB -q "normal"

source /share/apps/ibm_wml_ce/1.6.2/anaconda3/etc/profile.d/conda.sh
conda activate optho
cd /home/rxs1576/Final_QA_FDA/
python ./QA_application/training/Non_Distributed/scripts/train_first_copy.py --data_dir=${Home}/temp 

------------------------------------------------------------

Successfully completed.

Resource usage summary:

    CPU time :                                   28097.00 sec.
    Max Memory :                                 3274 MB
    Average Memory :                             3265.82 MB
    Total Requested Memory :                     -
    Delta Memory :                               -
    Max Swap :                                   -
    Max Processes :                              6
    Max Threads :                                44
    Run time :                                   14610 sec.
    Turnaround time :                            14611 sec.

The output (if any) follows:

Loaded pretrained weights for efficientnet-b2
Epoch: 1 	Training Loss: 0.885312 	Validation Loss: 1.048274 	 Validation Accuracy: 41.492147 	 
Validation loss decreased (inf --> 1.048274).  Saving model ...
Epoch: 2 	Training Loss: 0.799596 	Validation Loss: 0.981908 	 Validation Accuracy: 46.465969 	 
Validation loss decreased (1.048274 --> 0.981908).  Saving model ...
Epoch: 3 	Training Loss: 0.766441 	Validation Loss: 0.933147 	 Validation Accuracy: 52.225131 	 
Validation loss decreased (0.981908 --> 0.933147).  Saving model ...
Epoch: 4 	Training Loss: 0.744606 	Validation Loss: 0.890309 	 Validation Accuracy: 56.020942 	 
Validation loss decreased (0.933147 --> 0.890309).  Saving model ...
Epoch: 5 	Training Loss: 0.725936 	Validation Loss: 0.863836 	 Validation Accuracy: 57.984293 	 
Validation loss decreased (0.890309 --> 0.863836).  Saving model ...
Epoch: 6 	Training Loss: 0.715427 	Validation Loss: 0.836083 	 Validation Accuracy: 59.947644 	 
Validation loss decreased (0.863836 --> 0.836083).  Saving model ...
Epoch: 7 	Training Loss: 0.701638 	Validation Loss: 0.819798 	 Validation Accuracy: 59.947644 	 
Validation loss decreased (0.836083 --> 0.819798).  Saving model ...
Epoch: 8 	Training Loss: 0.699975 	Validation Loss: 0.803880 	 Validation Accuracy: 61.910995 	 
Validation loss decreased (0.819798 --> 0.803880).  Saving model ...
Epoch: 9 	Training Loss: 0.685563 	Validation Loss: 0.790277 	 Validation Accuracy: 62.565445 	 
Validation loss decreased (0.803880 --> 0.790277).  Saving model ...
Epoch: 10 	Training Loss: 0.682763 	Validation Loss: 0.783150 	 Validation Accuracy: 61.649215 	 
Validation loss decreased (0.790277 --> 0.783150).  Saving model ...
Epoch: 11 	Training Loss: 0.675104 	Validation Loss: 0.770016 	 Validation Accuracy: 62.565445 	 
Validation loss decreased (0.783150 --> 0.770016).  Saving model ...
Epoch: 12 	Training Loss: 0.671482 	Validation Loss: 0.760380 	 Validation Accuracy: 61.125654 	 
Validation loss decreased (0.770016 --> 0.760380).  Saving model ...
Epoch: 13 	Training Loss: 0.674960 	Validation Loss: 0.768392 	 Validation Accuracy: 62.041885 	 
Epoch: 14 	Training Loss: 0.663213 	Validation Loss: 0.751948 	 Validation Accuracy: 62.827225 	 
Validation loss decreased (0.760380 --> 0.751948).  Saving model ...
Epoch: 15 	Training Loss: 0.661583 	Validation Loss: 0.753086 	 Validation Accuracy: 63.219895 	 
Epoch: 16 	Training Loss: 0.664106 	Validation Loss: 0.741647 	 Validation Accuracy: 62.565445 	 
Validation loss decreased (0.751948 --> 0.741647).  Saving model ...
Epoch: 17 	Training Loss: 0.656971 	Validation Loss: 0.741219 	 Validation Accuracy: 62.172775 	 
Validation loss decreased (0.741647 --> 0.741219).  Saving model ...
Epoch: 18 	Training Loss: 0.659619 	Validation Loss: 0.742072 	 Validation Accuracy: 63.481675 	 
Epoch: 19 	Training Loss: 0.652085 	Validation Loss: 0.735648 	 Validation Accuracy: 63.089005 	 
Validation loss decreased (0.741219 --> 0.735648).  Saving model ...
Epoch: 20 	Training Loss: 0.649989 	Validation Loss: 0.731154 	 Validation Accuracy: 62.958115 	 
Validation loss decreased (0.735648 --> 0.731154).  Saving model ...
Epoch: 21 	Training Loss: 0.650261 	Validation Loss: 0.730863 	 Validation Accuracy: 62.303665 	 
Validation loss decreased (0.731154 --> 0.730863).  Saving model ...
Epoch: 22 	Training Loss: 0.651550 	Validation Loss: 0.723375 	 Validation Accuracy: 63.874346 	 
Validation loss decreased (0.730863 --> 0.723375).  Saving model ...
Epoch: 23 	Training Loss: 0.642628 	Validation Loss: 0.724398 	 Validation Accuracy: 64.005236 	 
Epoch: 24 	Training Loss: 0.649703 	Validation Loss: 0.724136 	 Validation Accuracy: 63.481675 	 
Epoch: 25 	Training Loss: 0.642386 	Validation Loss: 0.720621 	 Validation Accuracy: 63.874346 	 
Validation loss decreased (0.723375 --> 0.720621).  Saving model ...
Epoch: 26 	Training Loss: 0.644965 	Validation Loss: 0.723298 	 Validation Accuracy: 63.874346 	 
Epoch: 27 	Training Loss: 0.640775 	Validation Loss: 0.725318 	 Validation Accuracy: 64.659686 	 
Epoch: 28 	Training Loss: 0.643913 	Validation Loss: 0.717719 	 Validation Accuracy: 64.267016 	 
Validation loss decreased (0.720621 --> 0.717719).  Saving model ...
Epoch: 29 	Training Loss: 0.639397 	Validation Loss: 0.718862 	 Validation Accuracy: 64.397906 	 
Epoch: 30 	Training Loss: 0.633559 	Validation Loss: 0.724288 	 Validation Accuracy: 64.005236 	 
Epoch: 31 	Training Loss: 0.637218 	Validation Loss: 0.717990 	 Validation Accuracy: 63.743455 	 
Epoch: 32 	Training Loss: 0.633844 	Validation Loss: 0.715140 	 Validation Accuracy: 64.005236 	 
Validation loss decreased (0.717719 --> 0.715140).  Saving model ...
Epoch: 33 	Training Loss: 0.637324 	Validation Loss: 0.714717 	 Validation Accuracy: 63.874346 	 
Validation loss decreased (0.715140 --> 0.714717).  Saving model ...
Epoch: 34 	Training Loss: 0.636041 	Validation Loss: 0.708740 	 Validation Accuracy: 65.183246 	 
Validation loss decreased (0.714717 --> 0.708740).  Saving model ...
Epoch: 35 	Training Loss: 0.634267 	Validation Loss: 0.708244 	 Validation Accuracy: 63.874346 	 
Epoch    34: reducing learning rate of group 0 to 3.0000e-05.
Validation loss decreased (0.708740 --> 0.708244).  Saving model ...
Epoch: 36 	Training Loss: 0.629989 	Validation Loss: 0.707795 	 Validation Accuracy: 64.267016 	 
Validation loss decreased (0.708244 --> 0.707795).  Saving model ...
Epoch: 37 	Training Loss: 0.634163 	Validation Loss: 0.707753 	 Validation Accuracy: 64.267016 	 
Validation loss decreased (0.707795 --> 0.707753).  Saving model ...
Epoch: 38 	Training Loss: 0.634337 	Validation Loss: 0.722020 	 Validation Accuracy: 63.874346 	 
Epoch: 39 	Training Loss: 0.630756 	Validation Loss: 0.721327 	 Validation Accuracy: 63.874346 	 
Epoch: 40 	Training Loss: 0.630638 	Validation Loss: 0.716161 	 Validation Accuracy: 65.445026 	 
Epoch: 41 	Training Loss: 0.628531 	Validation Loss: 0.710619 	 Validation Accuracy: 64.136126 	 
Epoch: 42 	Training Loss: 0.625969 	Validation Loss: 0.708011 	 Validation Accuracy: 64.267016 	 
Epoch: 43 	Training Loss: 0.632687 	Validation Loss: 0.704359 	 Validation Accuracy: 64.005236 	 
Validation loss decreased (0.707753 --> 0.704359).  Saving model ...
Epoch: 44 	Training Loss: 0.632909 	Validation Loss: 0.709031 	 Validation Accuracy: 63.481675 	 
Epoch: 45 	Training Loss: 0.630364 	Validation Loss: 0.716692 	 Validation Accuracy: 63.612565 	 
Epoch: 46 	Training Loss: 0.629565 	Validation Loss: 0.709668 	 Validation Accuracy: 64.921466 	 
Epoch: 47 	Training Loss: 0.635618 	Validation Loss: 0.714379 	 Validation Accuracy: 63.874346 	 
Epoch    46: reducing learning rate of group 0 to 3.0000e-06.
Epoch: 48 	Training Loss: 0.627946 	Validation Loss: 0.715532 	 Validation Accuracy: 64.528796 	 
Epoch: 49 	Training Loss: 0.632983 	Validation Loss: 0.714483 	 Validation Accuracy: 64.790576 	 
Epoch: 50 	Training Loss: 0.632708 	Validation Loss: 0.709604 	 Validation Accuracy: 63.743455 	 
Epoch: 51 	Training Loss: 0.631676 	Validation Loss: 0.697984 	 Validation Accuracy: 64.397906 	 
Validation loss decreased (0.704359 --> 0.697984).  Saving model ...
Epoch: 52 	Training Loss: 0.630007 	Validation Loss: 0.717687 	 Validation Accuracy: 64.659686 	 
Epoch    51: reducing learning rate of group 0 to 3.0000e-07.
Epoch: 53 	Training Loss: 0.632529 	Validation Loss: 0.716255 	 Validation Accuracy: 65.052356 	 
Epoch: 54 	Training Loss: 0.626532 	Validation Loss: 0.713265 	 Validation Accuracy: 63.874346 	 
Epoch: 55 	Training Loss: 0.632774 	Validation Loss: 0.706078 	 Validation Accuracy: 64.921466 	 
Epoch: 56 	Training Loss: 0.631781 	Validation Loss: 0.702191 	 Validation Accuracy: 64.267016 	 
Epoch: 57 	Training Loss: 0.629398 	Validation Loss: 0.712507 	 Validation Accuracy: 64.659686 	 
Epoch    56: reducing learning rate of group 0 to 3.0000e-08.
Epoch: 58 	Training Loss: 0.634968 	Validation Loss: 0.706820 	 Validation Accuracy: 64.790576 	 
Epoch: 59 	Training Loss: 0.629757 	Validation Loss: 0.714227 	 Validation Accuracy: 65.052356 	 
Epoch: 60 	Training Loss: 0.628980 	Validation Loss: 0.716730 	 Validation Accuracy: 64.397906 	 



PS:

Read file <./error_files/QA_563388.err> for stderr output of this job.

