Sender: LSF System <lsfadmin@t028.triton>
Subject: Job 549376: <QA> in cluster <triton> Exited

Job <QA> was submitted from host <login1> by user <rxs1576> in cluster <triton> at Wed Jul  7 17:16:04 2021
Job was executed on host(s) <1*t028>, in queue <normal>, as user <rxs1576> in cluster <triton> at Wed Jul  7 17:16:04 2021
                            <1*t057>
</home/rxs1576> was used as the home directory.
</home/rxs1576/Final_QA_FDA/QA_application/training/Non_Distributed> was used as the working directory.
Started at Wed Jul  7 17:16:04 2021
Terminated at Wed Jul  7 17:16:15 2021
Results reported at Wed Jul  7 17:16:15 2021

Your job looked like:

------------------------------------------------------------
# LSBATCH: User input
#BSUB -J "QA"
#BSUB -o "./output_files/QA_%J.out"
#BSUB -e "./error_files/QA_%J.err"
#BSUB -n 2
#BSUB -R "span[ptile=1]"
#BSUB -gpu "num=2"
#BSUB -q "normal"

source /share/apps/ibm_wml_ce/1.6.2/anaconda3/etc/profile.d/conda.sh
conda activate optho
cd /home/rxs1576/Final_QA_FDA/
python ./QA_application/training/Non_Distributed/scripts/train_first_copy.py --data_dir=${Home}/temp 

------------------------------------------------------------

Exited with exit code 1.

Resource usage summary:

    CPU time :                                   2.86 sec.
    Max Memory :                                 166 MB
    Average Memory :                             124.75 MB
    Total Requested Memory :                     -
    Delta Memory :                               -
    Max Swap :                                   -
    Max Processes :                              5
    Max Threads :                                6
    Run time :                                   10 sec.
    Turnaround time :                            11 sec.

The output (if any) follows:



PS:

Read file <./error_files/QA_549376.err> for stderr output of this job.

