2021-08-08 16:16:34.179827: I tensorflow/stream_executor/platform/default/dso_loader.cc:44] Successfully opened dynamic library libcudart.so.10.1
wandb: W&B syncing is set to `offline` in this directory.  Run `wandb online` or set WANDB_MODE=online to enable cloud syncing.
wandb: Waiting for W&B process to finish, PID 107938
wandb: Program ended successfully.
wandb: Find user logs for this run at: /home/rxs1576/Final_QA_FDA/wandb/offline-run-20210808_161632-78it3his/logs/debug.log
wandb: Find internal logs for this run at: /home/rxs1576/Final_QA_FDA/wandb/offline-run-20210808_161632-78it3his/logs/debug-internal.log
wandb: Run summary:
wandb:            Epoch 30
wandb:             loss 0.32395
wandb:       valid_loss 0.40104
wandb:   Valid_Accuracy 81.28272
wandb:         _runtime 19940
wandb:       _timestamp 1628473733
wandb:            _step 29
wandb: Run history:
wandb:            Epoch ▁▁▁▂▂▂▂▃▃▃▃▄▄▄▄▅▅▅▅▆▆▆▆▇▇▇▇███
wandb:             loss █▆▅▄▄▄▄▄▃▃▃▃▃▃▃▃▃▃▂▂▂▂▂▂▂▁▁▁▁▁
wandb:       valid_loss ██▅▅▅▄▆▄▆▄▃▃▆▄▃▄▃▃▂▃▂▂▂▂▂▁▁▁▁▁
wandb:   Valid_Accuracy ▂▃▄▁▂▃▄▅▂▄▅▇▁▄▆▄▄▄▇▆▅▆▇▇▆█▇▇▇▇
wandb:         _runtime ▁▁▁▂▂▂▂▃▃▃▃▄▄▄▄▅▅▅▅▆▆▆▆▇▇▇▇███
wandb:       _timestamp ▁▁▁▂▂▂▂▃▃▃▃▄▄▄▄▅▅▅▅▆▆▆▆▇▇▇▇███
wandb:            _step ▁▁▁▂▂▂▂▃▃▃▃▄▄▄▄▅▅▅▅▆▆▆▆▇▇▇▇███
wandb: 
wandb: You can sync this run to the cloud by running:
wandb: wandb sync /home/rxs1576/Final_QA_FDA/wandb/offline-run-20210808_161632-78it3his
