2021-08-08 22:24:24.389869: I tensorflow/stream_executor/platform/default/dso_loader.cc:44] Successfully opened dynamic library libcudart.so.10.1
wandb: W&B syncing is set to `offline` in this directory.  Run `wandb online` or set WANDB_MODE=online to enable cloud syncing.
wandb: Waiting for W&B process to finish, PID 116215
wandb: Program ended successfully.
wandb: Find user logs for this run at: /home/rxs1576/Final_QA_FDA/wandb/offline-run-20210808_222421-xi4k2e7a/logs/debug.log
wandb: Find internal logs for this run at: /home/rxs1576/Final_QA_FDA/wandb/offline-run-20210808_222421-xi4k2e7a/logs/debug-internal.log
wandb: Run summary:
wandb:            Epoch 30
wandb:             loss 0.40282
wandb:       valid_loss 0.49756
wandb:   Valid_Accuracy 79.18848
wandb:         _runtime 19317
wandb:       _timestamp 1628495178
wandb:            _step 29
wandb: Run history:
wandb:            Epoch ▁▁▁▂▂▂▂▃▃▃▃▄▄▄▄▅▅▅▅▆▆▆▆▇▇▇▇███
wandb:             loss █▆▅▄▄▃▃▃▃▃▃▃▃▂▂▂▂▂▂▂▂▂▂▂▂▂▂▂▁▁
wandb:       valid_loss ▅▅▅▃▄▂▇▃▃▃▂▃▅▃▂▂▃█▂▃▂▂▁▂▄▂▃▅▁▁
wandb:   Valid_Accuracy ▅▆▅▆▅▇▃▇▅▇█▆▃▇█▇▆▁█▇▇▆█▇▅▆▇▄██
wandb:         _runtime ▁▁▁▂▂▂▂▃▃▃▃▄▄▄▄▅▅▅▅▅▆▆▆▆▇▇▇███
wandb:       _timestamp ▁▁▁▂▂▂▂▃▃▃▃▄▄▄▄▅▅▅▅▅▆▆▆▆▇▇▇███
wandb:            _step ▁▁▁▂▂▂▂▃▃▃▃▄▄▄▄▅▅▅▅▆▆▆▆▇▇▇▇███
wandb: 
wandb: You can sync this run to the cloud by running:
wandb: wandb sync /home/rxs1576/Final_QA_FDA/wandb/offline-run-20210808_222421-xi4k2e7a
