2021-07-27 13:38:43.162736: I tensorflow/stream_executor/platform/default/dso_loader.cc:44] Successfully opened dynamic library libcudart.so.10.1
wandb: W&B syncing is set to `offline` in this directory.  Run `wandb online` or set WANDB_MODE=online to enable cloud syncing.
wandb: Waiting for W&B process to finish, PID 37244
wandb: Program ended successfully.
wandb: Find user logs for this run at: /home/rxs1576/Final_QA_FDA/wandb/offline-run-20210727_133840-ufvnbnif/logs/debug.log
wandb: Find internal logs for this run at: /home/rxs1576/Final_QA_FDA/wandb/offline-run-20210727_133840-ufvnbnif/logs/debug-internal.log
wandb: Run summary:
wandb:            Epoch 60
wandb:             loss 0.54023
wandb:       valid_loss 0.47226
wandb:   Valid_Accuracy 76.57068
wandb:         _runtime 29003
wandb:       _timestamp 1627436523
wandb:            _step 59
wandb: Run history:
wandb:            Epoch ▁▁▁▁▂▂▂▂▂▃▃▃▃▃▃▄▄▄▄▄▅▅▅▅▅▅▆▆▆▆▆▆▇▇▇▇▇███
wandb:             loss █▆▄▄▄▃▃▃▃▂▂▁▁▁▁▁▁▁▁▁▁▁▁▁▁▁▁▁▁▁▁▁▁▁▁▁▁▁▁▁
wandb:       valid_loss █▄▄▄▆▂▄▃▃▃▂▂▁▂▂▁▂▂▁▁▁▁▁▁▁▁▁▁▁▁▁▁▁▁▁▁▁▁▁▁
wandb:   Valid_Accuracy ▁▄▄▄▂▅▅▅▃▄▇▆▇▇▇▇▆▅▇▇▇▆▇▇▇▇▇▇▇▇▇▇▇█▆▇▇▇▇▇
wandb:         _runtime ▁▁▁▁▂▂▂▂▂▃▃▃▃▃▃▄▄▄▄▄▅▅▅▅▅▅▆▆▆▆▆▆▇▇▇▇▇███
wandb:       _timestamp ▁▁▁▁▂▂▂▂▂▃▃▃▃▃▃▄▄▄▄▄▅▅▅▅▅▅▆▆▆▆▆▆▇▇▇▇▇███
wandb:            _step ▁▁▁▁▂▂▂▂▂▃▃▃▃▃▃▄▄▄▄▄▅▅▅▅▅▅▆▆▆▆▆▆▇▇▇▇▇███
wandb: 
wandb: You can sync this run to the cloud by running:
wandb: wandb sync /home/rxs1576/Final_QA_FDA/wandb/offline-run-20210727_133840-ufvnbnif
