2021-07-21 15:47:21.537735: I tensorflow/stream_executor/platform/default/dso_loader.cc:44] Successfully opened dynamic library libcudart.so.10.1
wandb: W&B syncing is set to `offline` in this directory.  Run `wandb online` or set WANDB_MODE=online to enable cloud syncing.
wandb: Waiting for W&B process to finish, PID 163058
wandb: Program ended successfully.
wandb: Find user logs for this run at: /home/rxs1576/Final_QA_FDA/wandb/offline-run-20210721_154719-b0647p3c/logs/debug.log
wandb: Find internal logs for this run at: /home/rxs1576/Final_QA_FDA/wandb/offline-run-20210721_154719-b0647p3c/logs/debug-internal.log
wandb: Run summary:
wandb:            Epoch 60
wandb:             loss 0.67353
wandb:       valid_loss 0.53157
wandb:   Valid_Accuracy 75.39267
wandb:         _runtime 27982
wandb:       _timestamp 1626924821
wandb:            _step 59
wandb: Run history:
wandb:            Epoch ▁▁▁▁▂▂▂▂▂▃▃▃▃▃▃▄▄▄▄▄▅▅▅▅▅▅▆▆▆▆▆▆▇▇▇▇▇███
wandb:             loss █▆▄▄▃▃▃▃▃▂▂▂▂▂▂▂▂▂▂▂▁▂▂▁▁▁▁▁▁▁▁▁▁▁▁▁▁▁▁▁
wandb:       valid_loss █▆▄▄▃▃▂▂▂▂▂▂▂▂▂▂▂▁▁▁▂▂▁▂▂▁▁▂▁▁▁▁▁▁▁▁▁▁▁▁
wandb:   Valid_Accuracy ▁▃▃▄▅▅▅▆▆▆▇▆▆▆▇▇▆▇▇▇▇▇▇▇▇▇▇▇▇▇█▇██▇▇▇███
wandb:         _runtime ▁▁▁▁▂▂▂▂▂▃▃▃▃▃▃▄▄▄▄▄▅▅▅▅▅▅▆▆▆▆▆▆▇▇▇▇▇███
wandb:       _timestamp ▁▁▁▁▂▂▂▂▂▃▃▃▃▃▃▄▄▄▄▄▅▅▅▅▅▅▆▆▆▆▆▆▇▇▇▇▇███
wandb:            _step ▁▁▁▁▂▂▂▂▂▃▃▃▃▃▃▄▄▄▄▄▅▅▅▅▅▅▆▆▆▆▆▆▇▇▇▇▇███
wandb: 
wandb: You can sync this run to the cloud by running:
wandb: wandb sync /home/rxs1576/Final_QA_FDA/wandb/offline-run-20210721_154719-b0647p3c
