2021-07-12 18:41:29.338278: I tensorflow/stream_executor/platform/default/dso_loader.cc:44] Successfully opened dynamic library libcudart.so.10.1
wandb: W&B syncing is set to `offline` in this directory.  Run `wandb online` or set WANDB_MODE=online to enable cloud syncing.
wandb: Waiting for W&B process to finish, PID 57313
wandb: Program ended successfully.
wandb: Find user logs for this run at: /home/rxs1576/Final_QA_FDA/wandb/offline-run-20210712_184125-co6fq0gq/logs/debug.log
wandb: Find internal logs for this run at: /home/rxs1576/Final_QA_FDA/wandb/offline-run-20210712_184125-co6fq0gq/logs/debug-internal.log
wandb: Run summary:
wandb:            Epoch 60
wandb:             loss 0.67454
wandb:       valid_loss 0.54343
wandb:   Valid_Accuracy 69.89529
wandb:         _runtime 12136
wandb:       _timestamp 1626141822
wandb:            _step 59
wandb: Run history:
wandb:            Epoch ▁▁▁▁▂▂▂▂▂▃▃▃▃▃▃▄▄▄▄▄▅▅▅▅▅▅▆▆▆▆▆▆▇▇▇▇▇███
wandb:             loss █▅▄▃▃▃▂▂▂▂▂▂▂▂▂▂▁▁▁▁▁▁▁▁▁▁▁▁▁▁▁▁▁▁▁▁▁▁▁▁
wandb:       valid_loss █▆▄▄▃▃▃▃▂▂▂▂▂▂▂▂▂▁▂▁▁▁▁▂▂▂▁▁▁▂▁▁▁▂▁▂▁▂▁▂
wandb:   Valid_Accuracy ▁▂▄▅▅▆▆▇▇▇▇▇▇█▇▇▇█▇▇▇▇▇█▇▇██████▇▇▇███▇▇
wandb:         _runtime ▁▁▁▁▂▂▂▂▂▃▃▃▃▃▄▄▄▄▄▄▅▅▅▅▅▅▆▆▆▆▆▆▇▇▇▇▇███
wandb:       _timestamp ▁▁▁▁▂▂▂▂▂▃▃▃▃▃▄▄▄▄▄▄▅▅▅▅▅▅▆▆▆▆▆▆▇▇▇▇▇███
wandb:            _step ▁▁▁▁▂▂▂▂▂▃▃▃▃▃▃▄▄▄▄▄▅▅▅▅▅▅▆▆▆▆▆▆▇▇▇▇▇███
wandb: 
wandb: You can sync this run to the cloud by running:
wandb: wandb sync /home/rxs1576/Final_QA_FDA/wandb/offline-run-20210712_184125-co6fq0gq
