2021-07-18 15:59:55.399389: I tensorflow/stream_executor/platform/default/dso_loader.cc:44] Successfully opened dynamic library libcudart.so.10.1
wandb: W&B syncing is set to `offline` in this directory.  Run `wandb online` or set WANDB_MODE=online to enable cloud syncing.
wandb: Waiting for W&B process to finish, PID 135115
wandb: Program ended successfully.
wandb: Find user logs for this run at: /home/rxs1576/Final_QA_FDA/wandb/offline-run-20210718_155952-b00r1uh4/logs/debug.log
wandb: Find internal logs for this run at: /home/rxs1576/Final_QA_FDA/wandb/offline-run-20210718_155952-b00r1uh4/logs/debug-internal.log
wandb: Run summary:
wandb:            Epoch 60
wandb:             loss 0.70995
wandb:       valid_loss 0.53861
wandb:   Valid_Accuracy 70.15707
wandb:         _runtime 17088
wandb:       _timestamp 1626655480
wandb:            _step 59
wandb: Run history:
wandb:            Epoch ▁▁▁▁▂▂▂▂▂▃▃▃▃▃▃▄▄▄▄▄▅▅▅▅▅▅▆▆▆▆▆▆▇▇▇▇▇███
wandb:             loss █▅▄▃▃▂▂▂▂▂▂▂▂▂▁▂▂▂▂▁▂▁▁▁▁▁▁▁▁▁▁▁▁▁▁▁▁▁▁▁
wandb:       valid_loss █▅▃▃▃▂▂▂▂▁▂▂▂▁▁▁▂▁▁▁▁▁▁▁▁▁▁▁▁▂▂▁▁▁▂▁▂▁▂▂
wandb:   Valid_Accuracy ▁▂▄▄▄▅▅▆▆▆▆▆▇▇▇▇▇▇▇▇▇▇██▇▇▇▇▇██▇██▇██▇▇▇
wandb:         _runtime ▁▁▁▁▂▂▂▂▂▃▃▃▃▃▃▄▄▄▄▄▅▅▅▅▅▅▆▆▆▆▆▆▇▇▇▇▇███
wandb:       _timestamp ▁▁▁▁▂▂▂▂▂▃▃▃▃▃▃▄▄▄▄▄▅▅▅▅▅▅▆▆▆▆▆▆▇▇▇▇▇███
wandb:            _step ▁▁▁▁▂▂▂▂▂▃▃▃▃▃▃▄▄▄▄▄▅▅▅▅▅▅▆▆▆▆▆▆▇▇▇▇▇███
wandb: 
wandb: You can sync this run to the cloud by running:
wandb: wandb sync /home/rxs1576/Final_QA_FDA/wandb/offline-run-20210718_155952-b00r1uh4
