2021-07-23 22:52:25.735534: I tensorflow/stream_executor/platform/default/dso_loader.cc:44] Successfully opened dynamic library libcudart.so.10.1
wandb: W&B syncing is set to `offline` in this directory.  Run `wandb online` or set WANDB_MODE=online to enable cloud syncing.
wandb: Waiting for W&B process to finish, PID 26835
wandb: Program ended successfully.
wandb: Find user logs for this run at: /home/rxs1576/Final_QA_FDA/wandb/offline-run-20210723_225223-ibt43tuj/logs/debug.log
wandb: Find internal logs for this run at: /home/rxs1576/Final_QA_FDA/wandb/offline-run-20210723_225223-ibt43tuj/logs/debug-internal.log
wandb: Run summary:
wandb:            Epoch 60
wandb:             loss 0.44106
wandb:       valid_loss 0.56816
wandb:   Valid_Accuracy 73.29843
wandb:         _runtime 38738
wandb:       _timestamp 1627133882
wandb:            _step 59
wandb: Run history:
wandb:            Epoch ▁▁▁▁▂▂▂▂▂▃▃▃▃▃▃▄▄▄▄▄▅▅▅▅▅▅▆▆▆▆▆▆▇▇▇▇▇███
wandb:             loss █▆▄▄▄▃▃▃▃▃▃▃▂▂▂▂▂▂▂▂▂▂▂▂▂▂▂▂▁▁▁▁▁▁▁▁▁▁▁▁
wandb:       valid_loss █▄▄▄▃▂▂▂▂▂▁▂▂▂▂▂▄▃▂▂▄▁▂▃▃▄▂▂▂▂▁▁▁▁▁▁▁▁▁▁
wandb:   Valid_Accuracy ▁▅▃▅▄▅▆▆▅▅▆▄▆▆▆▄▃▆▆▅▃█▆▅▅▂▅▇▇▇▇▇█▇▇█▇▇█▇
wandb:         _runtime ▁▁▁▂▂▂▂▂▂▃▃▃▃▃▄▄▄▄▄▄▅▅▅▅▅▅▆▆▆▆▆▇▇▇▇▇▇███
wandb:       _timestamp ▁▁▁▂▂▂▂▂▂▃▃▃▃▃▄▄▄▄▄▄▅▅▅▅▅▅▆▆▆▆▆▇▇▇▇▇▇███
wandb:            _step ▁▁▁▁▂▂▂▂▂▃▃▃▃▃▃▄▄▄▄▄▅▅▅▅▅▅▆▆▆▆▆▆▇▇▇▇▇███
wandb: 
wandb: You can sync this run to the cloud by running:
wandb: wandb sync /home/rxs1576/Final_QA_FDA/wandb/offline-run-20210723_225223-ibt43tuj
