2021-07-08 14:30:46.852310: I tensorflow/stream_executor/platform/default/dso_loader.cc:44] Successfully opened dynamic library libcudart.so.10.1
wandb: W&B syncing is set to `offline` in this directory.  Run `wandb online` or set WANDB_MODE=online to enable cloud syncing.
wandb: Waiting for W&B process to finish, PID 50123
wandb: Program ended successfully.
wandb: Find user logs for this run at: /home/rxs1576/Final_QA_FDA/wandb/offline-run-20210708_143045-mvmt6oi6/logs/debug.log
wandb: Find internal logs for this run at: /home/rxs1576/Final_QA_FDA/wandb/offline-run-20210708_143045-mvmt6oi6/logs/debug-internal.log
wandb: Run summary:
wandb:            Epoch 30
wandb:             loss 0.68266
wandb:       valid_loss 0.53039
wandb:   Valid_Accuracy 70.68063
wandb:         _runtime 6522
wandb:       _timestamp 1625775568
wandb:            _step 29
wandb: Run history:
wandb:            Epoch ▁▁▁▂▂▂▂▃▃▃▃▄▄▄▄▅▅▅▅▆▆▆▆▇▇▇▇███
wandb:             loss █▅▄▄▃▃▃▂▂▂▂▂▂▂▂▂▂▂▁▁▁▁▁▁▁▁▁▁▁▁
wandb:       valid_loss █▆▅▄▄▂▂▃▃▂▂▁▁▂▂▂▂▂▁▁▂▂▂▂▂▁▁▁▁▁
wandb:   Valid_Accuracy ▁▂▃▄▅▅▅▆▆▆▇▇█▇▇▇▇▇▇█▇█▇▇▇█▇▇▇█
wandb:         _runtime ▁▁▁▂▂▂▂▃▃▃▃▄▄▄▄▅▅▅▅▆▆▆▆▇▇▇▇▇██
wandb:       _timestamp ▁▁▁▂▂▂▂▃▃▃▃▄▄▄▄▅▅▅▅▆▆▆▆▇▇▇▇▇██
wandb:            _step ▁▁▁▂▂▂▂▃▃▃▃▄▄▄▄▅▅▅▅▆▆▆▆▇▇▇▇███
wandb: 
wandb: You can sync this run to the cloud by running:
wandb: wandb sync /home/rxs1576/Final_QA_FDA/wandb/offline-run-20210708_143045-mvmt6oi6
